<?xml version="1.0" encoding="UTF-8"?>
<!-- Generated by org.testng.reporters.JUnitReportReporter -->
<testsuite hostname="DESKTOP-AP5M17I" failures="0" tests="5" name="CRUDWithBDD.ResponseValidation" time="7.138" errors="0" timestamp="2022-08-01T14:26:26 IST" skipped="0">
  <testcase classname="CRUDWithBDD.ResponseValidation" name="getImmunization" time="3.868"/>
  <system-out/>
  <testcase classname="CRUDWithBDD.ResponseValidation" name="getPatient" time="0.962"/>
  <system-out/>
  <testcase classname="CRUDWithBDD.ResponseValidation" name="getOrganisation" time="0.792"/>
  <system-out/>
  <testcase classname="CRUDWithBDD.ResponseValidation" name="getObservation" time="0.736"/>
  <system-out/>
  <testcase classname="CRUDWithBDD.ResponseValidation" name="getLocation" time="0.780"/>
  <system-out/>
</testsuite> <!-- CRUDWithBDD.ResponseValidation -->
