<?xml version="1.0" encoding="UTF-8"?>
<!-- Generated by org.testng.reporters.JUnitReportReporter -->
<testsuite hostname="DESKTOP-AP5M17I" failures="0" tests="1" name="CRUDWithBDD.GetImmunizationRes" time="2.736" errors="0" timestamp="2022-07-29T11:56:03 IST" skipped="0">
  <testcase classname="CRUDWithBDD.GetImmunizationRes" name="getOrganization" time="2.736"/>
  <system-out/>
</testsuite> <!-- CRUDWithBDD.GetImmunizationRes -->
