<?xml version="1.0" encoding="UTF-8"?>
<!-- Generated by org.testng.reporters.JUnitReportReporter -->
<testsuite hostname="DESKTOP-AP5M17I" failures="0" tests="1" name="CRUDWithBDD.GetObservationRes" time="2.780" errors="0" timestamp="2022-08-02T15:35:36 IST" skipped="0">
  <testcase classname="CRUDWithBDD.GetObservationRes" name="getObservation" time="2.780"/>
  <system-out/>
</testsuite> <!-- CRUDWithBDD.GetObservationRes -->
