<?xml version="1.0" encoding="UTF-8"?>
<!-- Generated by org.testng.reporters.JUnitReportReporter -->
<testsuite hostname="DESKTOP-AP5M17I" failures="0" tests="5" name="CRUDWithBDD.ResponseValidation" time="18.825" errors="0" timestamp="2022-08-03T11:45:33 IST" skipped="0">
  <testcase classname="CRUDWithBDD.ResponseValidation" name="getObservation" time="3.218"/>
  <system-out/>
  <testcase classname="CRUDWithBDD.ResponseValidation" name="getOrganisation" time="1.929"/>
  <system-out/>
  <testcase classname="CRUDWithBDD.ResponseValidation" name="getImmunization" time="6.393"/>
  <system-out/>
  <testcase classname="CRUDWithBDD.ResponseValidation" name="getPatient" time="2.613"/>
  <system-out/>
  <testcase classname="CRUDWithBDD.ResponseValidation" name="getLocation" time="4.672"/>
  <system-out/>
</testsuite> <!-- CRUDWithBDD.ResponseValidation -->
