<?xml version="1.0" encoding="UTF-8"?>
<!-- Generated by org.testng.reporters.JUnitReportReporter -->
<testsuite hostname="DESKTOP-AP5M17I" failures="0" tests="6" name="CRUDWithBDD.GetPatientRes" time="6.883" errors="0" timestamp="2022-07-29T12:36:03 IST" skipped="0">
  <testcase classname="CRUDWithBDD.GetPatientRes" name="getObservation" time="0.752"/>
  <system-out/>
  <testcase classname="CRUDWithBDD.GetPatientRes" name="getOrganization" time="0.650"/>
  <system-out/>
  <testcase classname="CRUDWithBDD.GetPatientRes" name="getPatient" time="1.038"/>
  <system-out/>
  <testcase classname="CRUDWithBDD.GetPatientRes" name="getPractitioner" time="0.689"/>
  <system-out/>
  <testcase classname="CRUDWithBDD.GetPatientRes" name="getImmunization" time="2.939"/>
  <system-out/>
  <testcase classname="CRUDWithBDD.GetPatientRes" name="getLocation" time="0.815"/>
  <system-out/>
</testsuite> <!-- CRUDWithBDD.GetPatientRes -->
