<?xml version="1.0" encoding="UTF-8"?>
<!-- Generated by org.testng.reporters.JUnitReportReporter -->
<testsuite hostname="DESKTOP-AP5M17I" failures="0" tests="1" name="CRUDWithBDD.GetPractitionerRes" time="3.067" errors="0" timestamp="2022-07-29T20:13:16 IST" skipped="0">
  <testcase classname="CRUDWithBDD.GetPractitionerRes" name="getPractitioner" time="3.067"/>
  <system-out/>
</testsuite> <!-- CRUDWithBDD.GetPractitionerRes -->
