<?xml version="1.0" encoding="UTF-8"?>
<!-- Generated by org.testng.reporters.JUnitReportReporter -->
<testsuite hostname="DESKTOP-AP5M17I" failures="0" tests="5" name="CRUDWithBDD.ResponseValidation" time="10.355" errors="0" timestamp="2022-08-05T10:20:07 IST" skipped="0">
  <testcase classname="CRUDWithBDD.ResponseValidation" name="getOrganisation" time="1.402"/>
  <system-out/>
  <testcase classname="CRUDWithBDD.ResponseValidation" name="getObservation" time="1.632"/>
  <system-out/>
  <testcase classname="CRUDWithBDD.ResponseValidation" name="getPatient" time="2.018"/>
  <system-out/>
  <testcase classname="CRUDWithBDD.ResponseValidation" name="getImmunization" time="4.191"/>
  <system-out/>
  <testcase classname="CRUDWithBDD.ResponseValidation" name="getLocation" time="1.112"/>
  <system-out/>
</testsuite> <!-- CRUDWithBDD.ResponseValidation -->
