<?xml version="1.0" encoding="UTF-8"?>
<!-- Generated by org.testng.reporters.JUnitReportReporter -->
<testsuite hostname="DESKTOP-AP5M17I" failures="0" tests="1" name="CRUDWithBDD.ResponseValidationImmunization" time="3.377" errors="0" timestamp="2022-07-29T11:58:22 IST" skipped="0">
  <testcase classname="CRUDWithBDD.ResponseValidationImmunization" name="getImmunization" time="3.377"/>
  <system-out/>
</testsuite> <!-- CRUDWithBDD.ResponseValidationImmunization -->
