<?xml version="1.0" encoding="UTF-8"?>
<!-- Generated by org.testng.reporters.JUnitReportReporter -->
<testsuite hostname="DESKTOP-AP5M17I" failures="0" tests="1" name="CRUDWithBDD.ResponseValidationObservation" time="3.471" errors="0" timestamp="2022-07-29T11:31:15 IST" skipped="0">
  <testcase classname="CRUDWithBDD.ResponseValidationObservation" name="getPatient" time="3.471"/>
  <system-out/>
</testsuite> <!-- CRUDWithBDD.ResponseValidationObservation -->
