<?xml version="1.0" encoding="UTF-8"?>
<!-- Generated by org.testng.reporters.JUnitReportReporter -->
<testsuite hostname="DESKTOP-AP5M17I" failures="0" tests="5" name="CRUDWithBDD.ResponseValidation" time="8.609" errors="0" timestamp="2022-08-02T13:32:03 IST" skipped="0">
  <testcase classname="CRUDWithBDD.ResponseValidation" name="getImmunization" time="5.095"/>
  <system-out/>
  <testcase classname="CRUDWithBDD.ResponseValidation" name="getObservation" time="0.738"/>
  <system-out/>
  <testcase classname="CRUDWithBDD.ResponseValidation" name="getOrganisation" time="0.809"/>
  <system-out/>
  <testcase classname="CRUDWithBDD.ResponseValidation" name="getLocation" time="0.777"/>
  <system-out/>
  <testcase classname="CRUDWithBDD.ResponseValidation" name="getPatient" time="1.190"/>
  <system-out/>
</testsuite> <!-- CRUDWithBDD.ResponseValidation -->
