<?xml version="1.0" encoding="UTF-8"?>
<!-- Generated by org.testng.reporters.JUnitReportReporter -->
<testsuite hostname="DESKTOP-AP5M17I" failures="0" tests="5" name="CRUDWithBDD.ResponseValidation" time="7.947" errors="0" timestamp="2022-07-30T14:19:46 IST" skipped="0">
  <testcase classname="CRUDWithBDD.ResponseValidation" name="getOrganisation" time="0.803"/>
  <system-out/>
  <testcase classname="CRUDWithBDD.ResponseValidation" name="getPatient" time="1.276"/>
  <system-out/>
  <testcase classname="CRUDWithBDD.ResponseValidation" name="getLocation" time="1.097"/>
  <system-out/>
  <testcase classname="CRUDWithBDD.ResponseValidation" name="getObservation" time="0.858"/>
  <system-out/>
  <testcase classname="CRUDWithBDD.ResponseValidation" name="getImmunization" time="3.913"/>
  <system-out/>
</testsuite> <!-- CRUDWithBDD.ResponseValidation -->
