<?xml version="1.0" encoding="UTF-8"?>
<!-- Generated by org.testng.reporters.JUnitReportReporter -->
<testsuite hostname="DESKTOP-AP5M17I" failures="0" tests="6" name="CRUDWithBDD.ResponseValidationPatient" time="7.527" errors="0" timestamp="2022-07-29T12:51:16 IST" skipped="0">
  <testcase classname="CRUDWithBDD.ResponseValidationPatient" name="getPractitioner" time="0.735"/>
  <system-out/>
  <testcase classname="CRUDWithBDD.ResponseValidationPatient" name="getImmunization" time="3.332"/>
  <system-out/>
  <testcase classname="CRUDWithBDD.ResponseValidationPatient" name="getOrganisation" time="0.718"/>
  <system-out/>
  <testcase classname="CRUDWithBDD.ResponseValidationPatient" name="getLocation" time="0.711"/>
  <system-out/>
  <testcase classname="CRUDWithBDD.ResponseValidationPatient" name="getObservation" time="0.814"/>
  <system-out/>
  <testcase classname="CRUDWithBDD.ResponseValidationPatient" name="getPatient" time="1.217"/>
  <system-out/>
</testsuite> <!-- CRUDWithBDD.ResponseValidationPatient -->
