<?xml version="1.0" encoding="UTF-8"?>
<!-- Generated by org.testng.reporters.JUnitReportReporter -->
<testsuite hostname="DESKTOP-AP5M17I" failures="0" tests="5" name="CRUDWithBDD.ResponseValidation" time="6.828" errors="0" timestamp="2022-08-01T13:20:51 IST" skipped="0">
  <testcase classname="CRUDWithBDD.ResponseValidation" name="getImmunization" time="3.366"/>
  <system-out/>
  <testcase classname="CRUDWithBDD.ResponseValidation" name="getPatient" time="1.415"/>
  <system-out/>
  <testcase classname="CRUDWithBDD.ResponseValidation" name="getLocation" time="0.667"/>
  <system-out/>
  <testcase classname="CRUDWithBDD.ResponseValidation" name="getOrganisation" time="0.654"/>
  <system-out/>
  <testcase classname="CRUDWithBDD.ResponseValidation" name="getObservation" time="0.726"/>
  <system-out/>
</testsuite> <!-- CRUDWithBDD.ResponseValidation -->
