<?xml version="1.0" encoding="UTF-8"?>
<!-- Generated by org.testng.reporters.JUnitReportReporter -->
<testsuite hostname="DESKTOP-AP5M17I" failures="0" tests="1" name="CRUDWithBDD.ResponseValidationImmunization" time="8.282" errors="0" timestamp="2022-08-01T19:38:53 IST" skipped="0">
  <testcase classname="CRUDWithBDD.ResponseValidationImmunization" name="getImmunization" time="8.282"/>
  <system-out/>
</testsuite> <!-- CRUDWithBDD.ResponseValidationImmunization -->
