<?xml version="1.0" encoding="UTF-8"?>
<!-- Generated by org.testng.reporters.JUnitReportReporter -->
<testsuite hostname="DESKTOP-AP5M17I" failures="0" tests="1" name="CRUDWithBDD.GetObservationRes" time="5.440" errors="0" timestamp="2022-08-01T19:38:13 IST" skipped="0">
  <testcase classname="CRUDWithBDD.GetObservationRes" name="getObservation" time="5.440"/>
  <system-out/>
</testsuite> <!-- CRUDWithBDD.GetObservationRes -->
