<?xml version="1.0" encoding="UTF-8"?>
<!-- Generated by org.testng.reporters.JUnitReportReporter -->
<testsuite hostname="DESKTOP-AP5M17I" failures="0" tests="1" name="CRUDWithBDD.ResponseValidationPractitioner" time="3.599" errors="0" timestamp="2022-07-29T11:45:18 IST" skipped="0">
  <testcase classname="CRUDWithBDD.ResponseValidationPractitioner" name="getPractitioner" time="3.599"/>
  <system-out/>
</testsuite> <!-- CRUDWithBDD.ResponseValidationPractitioner -->
