<?xml version="1.0" encoding="UTF-8"?>
<!-- Generated by org.testng.reporters.JUnitReportReporter -->
<testsuite hostname="DESKTOP-AP5M17I" failures="0" tests="6" name="CRUDWithBDD.GetResponse" time="4.814" errors="0" timestamp="2022-08-03T09:28:47 IST" skipped="0">
  <testcase classname="CRUDWithBDD.GetResponse" name="getObservation" time="0.612"/>
  <system-out/>
  <testcase classname="CRUDWithBDD.GetResponse" name="getLocation" time="0.613"/>
  <system-out/>
  <testcase classname="CRUDWithBDD.GetResponse" name="getPractitioner" time="0.690"/>
  <system-out/>
  <testcase classname="CRUDWithBDD.GetResponse" name="getPatient" time="1.376"/>
  <system-out/>
  <testcase classname="CRUDWithBDD.GetResponse" name="getImmunization" time="0.922"/>
  <system-out/>
  <testcase classname="CRUDWithBDD.GetResponse" name="getOrganization" time="0.601"/>
  <system-out/>
</testsuite> <!-- CRUDWithBDD.GetResponse -->
