<?xml version="1.0" encoding="UTF-8"?>
<!-- Generated by org.testng.reporters.JUnitReportReporter -->
<testsuite hostname="DESKTOP-AP5M17I" failures="0" tests="1" name="CRUDWithBDD.GetOrganisationRes" time="3.342" errors="0" timestamp="2022-08-01T19:50:23 IST" skipped="0">
  <testcase classname="CRUDWithBDD.GetOrganisationRes" name="getOrganization" time="3.342"/>
  <system-out/>
</testsuite> <!-- CRUDWithBDD.GetOrganisationRes -->
