<?xml version="1.0" encoding="UTF-8"?>
<!-- Generated by org.testng.reporters.JUnitReportReporter -->
<testsuite hostname="DESKTOP-AP5M17I" failures="0" tests="1" name="CRUDWithBDD.ResponseValidationLocation" time="3.510" errors="0" timestamp="2022-07-29T11:29:43 IST" skipped="0">
  <testcase classname="CRUDWithBDD.ResponseValidationLocation" name="getPatient" time="3.510"/>
  <system-out/>
</testsuite> <!-- CRUDWithBDD.ResponseValidationLocation -->
