<?xml version="1.0" encoding="UTF-8"?>
<!-- Generated by org.testng.reporters.JUnitReportReporter -->
<testsuite hostname="DESKTOP-AP5M17I" failures="0" tests="6" name="CRUDWithBDD.GetResponse" time="8.784" errors="0" timestamp="2022-07-30T11:31:14 IST" skipped="0">
  <testcase classname="CRUDWithBDD.GetResponse" name="getOrganization" time="1.040"/>
  <system-out/>
  <testcase classname="CRUDWithBDD.GetResponse" name="getObservation" time="1.952"/>
  <system-out/>
  <testcase classname="CRUDWithBDD.GetResponse" name="getImmunization" time="2.139"/>
  <system-out/>
  <testcase classname="CRUDWithBDD.GetResponse" name="getPractitioner" time="0.699"/>
  <system-out/>
  <testcase classname="CRUDWithBDD.GetResponse" name="getLocation" time="1.571"/>
  <system-out/>
  <testcase classname="CRUDWithBDD.GetResponse" name="getPatient" time="1.383"/>
  <system-out/>
</testsuite> <!-- CRUDWithBDD.GetResponse -->
