<?xml version="1.0" encoding="UTF-8"?>
<!-- Generated by org.testng.reporters.JUnitReportReporter -->
<testsuite hostname="DESKTOP-AP5M17I" failures="0" tests="6" name="CRUDWithBDD.GetResponse" time="12.359" errors="0" timestamp="2022-08-05T09:59:12 IST" skipped="0">
  <testcase classname="CRUDWithBDD.GetResponse" name="getObservation" time="1.791"/>
  <system-out/>
  <testcase classname="CRUDWithBDD.GetResponse" name="getOrganization" time="1.233"/>
  <system-out/>
  <testcase classname="CRUDWithBDD.GetResponse" name="getImmunization" time="5.669"/>
  <system-out/>
  <testcase classname="CRUDWithBDD.GetResponse" name="getLocation" time="0.779"/>
  <system-out/>
  <testcase classname="CRUDWithBDD.GetResponse" name="getPractitioner" time="1.364"/>
  <system-out/>
  <testcase classname="CRUDWithBDD.GetResponse" name="getPatient" time="1.523"/>
  <system-out/>
</testsuite> <!-- CRUDWithBDD.GetResponse -->
