<?xml version="1.0" encoding="UTF-8"?>
<!-- Generated by org.testng.reporters.JUnitReportReporter -->
<testsuite hostname="DESKTOP-AP5M17I" failures="0" tests="1" name="CRUDWithBDD.GetImmunizationRes" time="3.073" errors="0" timestamp="2022-08-01T19:48:39 IST" skipped="0">
  <testcase classname="CRUDWithBDD.GetImmunizationRes" name="getImmunization" time="3.073"/>
  <system-out/>
</testsuite> <!-- CRUDWithBDD.GetImmunizationRes -->
