<?xml version="1.0" encoding="UTF-8"?>
<!-- Generated by org.testng.reporters.JUnitReportReporter -->
<testsuite hostname="DESKTOP-AP5M17I" failures="0" tests="1" name="CRUDWithBDD.GetPractitionerRes" time="5.133" errors="0" timestamp="2022-08-03T11:44:54 IST" skipped="0">
  <testcase classname="CRUDWithBDD.GetPractitionerRes" name="getPractitioner" time="5.133"/>
  <system-out/>
</testsuite> <!-- CRUDWithBDD.GetPractitionerRes -->
