<?xml version="1.0" encoding="UTF-8"?>
<!-- Generated by org.testng.reporters.JUnitReportReporter -->
<testsuite hostname="DESKTOP-AP5M17I" failures="0" tests="6" name="CRUDWithBDD.GetResponse" time="5.922" errors="0" timestamp="2022-07-30T13:35:42 IST" skipped="0">
  <testcase classname="CRUDWithBDD.GetResponse" name="getLocation" time="1.023"/>
  <system-out/>
  <testcase classname="CRUDWithBDD.GetResponse" name="getImmunization" time="1.013"/>
  <system-out/>
  <testcase classname="CRUDWithBDD.GetResponse" name="getObservation" time="0.995"/>
  <system-out/>
  <testcase classname="CRUDWithBDD.GetResponse" name="getOrganization" time="0.906"/>
  <system-out/>
  <testcase classname="CRUDWithBDD.GetResponse" name="getPatient" time="1.142"/>
  <system-out/>
  <testcase classname="CRUDWithBDD.GetResponse" name="getPractitioner" time="0.843"/>
  <system-out/>
</testsuite> <!-- CRUDWithBDD.GetResponse -->
