<?xml version="1.0" encoding="UTF-8"?>
<!-- Generated by org.testng.reporters.JUnitReportReporter -->
<testsuite hostname="DESKTOP-AP5M17I" failures="0" tests="1" name="CRUDWithBDD.ResponseValidationOrganisation" time="3.494" errors="0" timestamp="2022-07-29T12:04:54 IST" skipped="0">
  <testcase classname="CRUDWithBDD.ResponseValidationOrganisation" name="getOrganisation" time="3.494"/>
  <system-out/>
</testsuite> <!-- CRUDWithBDD.ResponseValidationOrganisation -->
