<?xml version="1.0" encoding="UTF-8"?>
<!-- Generated by org.testng.reporters.JUnitReportReporter -->
<testsuite hostname="DESKTOP-AP5M17I" failures="0" tests="6" name="CRUDWithBDD.ResponseValidation" time="8.603" errors="0" timestamp="2022-07-29T12:54:21 IST" skipped="0">
  <testcase classname="CRUDWithBDD.ResponseValidation" name="getLocation" time="0.728"/>
  <system-out/>
  <testcase classname="CRUDWithBDD.ResponseValidation" name="getImmunization" time="3.393"/>
  <system-out/>
  <testcase classname="CRUDWithBDD.ResponseValidation" name="getPractitioner" time="0.699"/>
  <system-out/>
  <testcase classname="CRUDWithBDD.ResponseValidation" name="getObservation" time="0.841"/>
  <system-out/>
  <testcase classname="CRUDWithBDD.ResponseValidation" name="getPatient" time="2.210"/>
  <system-out/>
  <testcase classname="CRUDWithBDD.ResponseValidation" name="getOrganisation" time="0.732"/>
  <system-out/>
</testsuite> <!-- CRUDWithBDD.ResponseValidation -->
