<?xml version="1.0" encoding="UTF-8"?>
<!-- Generated by org.testng.reporters.JUnitReportReporter -->
<testsuite hostname="DESKTOP-AP5M17I" failures="0" tests="6" name="CRUDWithBDD.GetResponse" time="6.702" errors="0" timestamp="2022-08-02T10:06:35 IST" skipped="0">
  <testcase classname="CRUDWithBDD.GetResponse" name="getImmunization" time="2.566"/>
  <system-out/>
  <testcase classname="CRUDWithBDD.GetResponse" name="getPatient" time="1.324"/>
  <system-out/>
  <testcase classname="CRUDWithBDD.GetResponse" name="getOrganization" time="0.629"/>
  <system-out/>
  <testcase classname="CRUDWithBDD.GetResponse" name="getPractitioner" time="0.726"/>
  <system-out/>
  <testcase classname="CRUDWithBDD.GetResponse" name="getLocation" time="0.681"/>
  <system-out/>
  <testcase classname="CRUDWithBDD.GetResponse" name="getObservation" time="0.776"/>
  <system-out/>
</testsuite> <!-- CRUDWithBDD.GetResponse -->
