<?xml version="1.0" encoding="UTF-8"?>
<!-- Generated by org.testng.reporters.JUnitReportReporter -->
<testsuite hostname="DESKTOP-AP5M17I" failures="0" tests="1" name="CRUDWithBDD.GetLocationRes" time="2.439" errors="0" timestamp="2022-08-02T10:07:35 IST" skipped="0">
  <testcase classname="CRUDWithBDD.GetLocationRes" name="getLocation" time="2.439"/>
  <system-out/>
</testsuite> <!-- CRUDWithBDD.GetLocationRes -->
