<?xml version="1.0" encoding="UTF-8"?>
<!-- Generated by org.testng.reporters.JUnitReportReporter -->
<testsuite hostname="DESKTOP-AP5M17I" failures="0" tests="5" name="CRUDWithBDD.ResponseValidation" time="8.050" errors="0" timestamp="2022-08-02T11:00:12 IST" skipped="0">
  <testcase classname="CRUDWithBDD.ResponseValidation" name="getOrganisation" time="0.688"/>
  <system-out/>
  <testcase classname="CRUDWithBDD.ResponseValidation" name="getImmunization" time="4.916"/>
  <system-out/>
  <testcase classname="CRUDWithBDD.ResponseValidation" name="getLocation" time="0.664"/>
  <system-out/>
  <testcase classname="CRUDWithBDD.ResponseValidation" name="getObservation" time="0.673"/>
  <system-out/>
  <testcase classname="CRUDWithBDD.ResponseValidation" name="getPatient" time="1.109"/>
  <system-out/>
</testsuite> <!-- CRUDWithBDD.ResponseValidation -->
