<?xml version="1.0" encoding="UTF-8"?>
<!-- Generated by org.testng.reporters.JUnitReportReporter -->
<testsuite hostname="DESKTOP-AP5M17I" failures="0" tests="1" name="CRUDWithBDD.ResponseValidationObservation" time="0.890" errors="0" timestamp="2022-07-30T11:36:23 IST" skipped="0">
  <testcase classname="CRUDWithBDD.ResponseValidationObservation" name="getObservation" time="0.890"/>
  <system-out/>
</testsuite> <!-- CRUDWithBDD.ResponseValidationObservation -->
