<?xml version="1.0" encoding="UTF-8"?>
<!-- Generated by org.testng.reporters.JUnitReportReporter -->
<testsuite hostname="DESKTOP-AP5M17I" failures="0" tests="6" name="CRUDWithBDD.GetResponse" time="3.950" errors="0" timestamp="2022-08-01T14:26:26 IST" skipped="0">
  <testcase classname="CRUDWithBDD.GetResponse" name="getLocation" time="0.592"/>
  <system-out/>
  <testcase classname="CRUDWithBDD.GetResponse" name="getPatient" time="0.857"/>
  <system-out/>
  <testcase classname="CRUDWithBDD.GetResponse" name="getObservation" time="0.616"/>
  <system-out/>
  <testcase classname="CRUDWithBDD.GetResponse" name="getOrganization" time="0.596"/>
  <system-out/>
  <testcase classname="CRUDWithBDD.GetResponse" name="getPractitioner" time="0.652"/>
  <system-out/>
  <testcase classname="CRUDWithBDD.GetResponse" name="getImmunization" time="0.637"/>
  <system-out/>
</testsuite> <!-- CRUDWithBDD.GetResponse -->
