<?xml version="1.0" encoding="UTF-8"?>
<!-- Generated by org.testng.reporters.JUnitReportReporter -->
<testsuite hostname="DESKTOP-AP5M17I" failures="0" tests="1" name="CRUDWithBDD.GetImmunizationRes" time="3.406" errors="0" timestamp="2022-07-29T20:05:07 IST" skipped="0">
  <testcase classname="CRUDWithBDD.GetImmunizationRes" name="getImmunization" time="3.406"/>
  <system-out/>
</testsuite> <!-- CRUDWithBDD.GetImmunizationRes -->
