<?xml version="1.0" encoding="UTF-8"?>
<!-- Generated by org.testng.reporters.JUnitReportReporter -->
<testsuite hostname="DESKTOP-AP5M17I" failures="0" tests="6" name="CRUDWithBDD.GetResponse" time="4.510" errors="0" timestamp="2022-08-02T13:32:03 IST" skipped="0">
  <testcase classname="CRUDWithBDD.GetResponse" name="getImmunization" time="0.934"/>
  <system-out/>
  <testcase classname="CRUDWithBDD.GetResponse" name="getPatient" time="0.919"/>
  <system-out/>
  <testcase classname="CRUDWithBDD.GetResponse" name="getPractitioner" time="0.842"/>
  <system-out/>
  <testcase classname="CRUDWithBDD.GetResponse" name="getLocation" time="0.593"/>
  <system-out/>
  <testcase classname="CRUDWithBDD.GetResponse" name="getObservation" time="0.615"/>
  <system-out/>
  <testcase classname="CRUDWithBDD.GetResponse" name="getOrganization" time="0.607"/>
  <system-out/>
</testsuite> <!-- CRUDWithBDD.GetResponse -->
