<?xml version="1.0" encoding="UTF-8"?>
<!-- Generated by org.testng.reporters.JUnitReportReporter -->
<testsuite hostname="DESKTOP-AP5M17I" failures="0" tests="1" name="CRUDWithBDD.GetPractitionerRes" time="3.011" errors="0" timestamp="2022-07-29T11:33:21 IST" skipped="0">
  <testcase classname="CRUDWithBDD.GetPractitionerRes" name="getOrganization" time="3.011"/>
  <system-out/>
</testsuite> <!-- CRUDWithBDD.GetPractitionerRes -->
